[02:41:40] [ServerMain/WARN]: You specified a resource pack without providing a sha1 hash. Pack will be updated on the client only if you change the name of the pack.
[02:41:40] [ServerMain/WARN]: resource-pack-id missing, using default of 24d3438c-8cb4-3255-a046-e49e598af057
[02:41:40] [ServerMain/INFO]: Environment: Environment[sessionHost=https://sessionserver.mojang.com, servicesHost=https://api.minecraftservices.com, name=PROD]
[02:41:40] [ServerMain/WARN]: Missing data pack paper
[02:41:44] [ServerMain/INFO]: Loaded 1290 recipes
[02:41:44] [ServerMain/INFO]: Loaded 1399 advancements
[02:41:45] [Server thread/INFO]: Starting minecraft server version 1.21.1
[02:41:45] [Server thread/INFO]: Loading properties
[02:41:45] [Server thread/INFO]: Default game type: SURVIVAL
[02:41:45] [Server thread/INFO]: Generating keypair
[02:41:45] [Server thread/INFO]: Starting Minecraft server on *:25565
[02:41:46] [Server thread/INFO]: Using epoll channel type
[02:41:46] [Server thread/WARN]: **** SERVER IS RUNNING IN OFFLINE/INSECURE MODE!
[02:41:46] [Server thread/WARN]: The server will make no attempt to authenticate usernames. Beware.
[02:41:46] [Server thread/WARN]: While this makes the game possible to play without internet access, it also opens up the ability for hackers to connect with any username they choose.
[02:41:46] [Server thread/WARN]: To change this, set "online-mode" to "true" in the server.properties file.
[02:41:46] [Server thread/INFO]: Preparing level "world"
[02:41:46] [Server thread/INFO]: Preparing start region for dimension minecraft:overworld
[02:41:47] [Worker-Main-1/INFO]: Preparing spawn area: 0%
[02:41:47] [Worker-Main-1/INFO]: Preparing spawn area: 0%
[02:41:47] [Worker-Main-1/INFO]: Preparing spawn area: 0%
[02:41:47] [Worker-Main-1/INFO]: Preparing spawn area: 0%
[02:41:48] [Worker-Main-1/INFO]: Preparing spawn area: 0%
[02:41:48] [Worker-Main-1/INFO]: Preparing spawn area: 10%
[02:41:50] [Server thread/INFO]: Time elapsed: 3970 ms
[02:41:50] [Server thread/INFO]: Done (4.260s)! For help, type "help"
[02:42:07] [Server thread/INFO]: Stopping the server
[02:42:07] [Server thread/INFO]: Stopping server
[02:42:07] [Server thread/INFO]: Saving players
[02:42:07] [Server thread/INFO]: Saving worlds
[02:42:07] [Server thread/INFO]: Saving chunks for level 'ServerLevel[world]'/minecraft:overworld
[02:42:07] [Server thread/INFO]: Saving chunks for level 'ServerLevel[world]'/minecraft:the_end
[02:42:07] [Server thread/INFO]: Saving chunks for level 'ServerLevel[world]'/minecraft:the_nether
[02:42:07] [Server thread/INFO]: ThreadedAnvilChunkStorage (world): All chunks are saved
[02:42:07] [Server thread/INFO]: ThreadedAnvilChunkStorage (DIM1): All chunks are saved
[02:42:07] [Server thread/INFO]: ThreadedAnvilChunkStorage (DIM-1): All chunks are saved
[02:42:07] [Server thread/INFO]: ThreadedAnvilChunkStorage: All dimensions are saved
